<?xml version="1.0" encoding="UTF-8"?>
<!-- Generated by org.testng.reporters.JUnitReportReporter -->
<testsuite hostname="DESKTOP-VIGFU4K" failures="0" tests="2" name="qaclickacademy.RestAPITest" time="0.016" errors="0" timestamp="2020-02-26T14:29:37 IST" skipped="0">
  <testcase classname="qaclickacademy.RestAPITest" name="restapitest1" time="0.014"/>
  <testcase classname="qaclickacademy.RestAPITest" name="restapitest2" time="0.002"/>
</testsuite> <!-- qaclickacademy.RestAPITest -->
