<?xml version="1.0" encoding="UTF-8"?>
<!-- Generated by org.testng.reporters.JUnitReportReporter -->
<testsuite hostname="DESKTOP-VIGFU4K" failures="0" tests="2" name="qaclickacademy.RestAPITest" time="0.006" errors="0" timestamp="2020-02-26T19:15:33 IST" skipped="0">
  <testcase classname="qaclickacademy.RestAPITest" name="restapitest2" time="0.000"/>
  <system-out/>
  <testcase classname="qaclickacademy.RestAPITest" name="restapitest1" time="0.006"/>
  <system-out/>
</testsuite> <!-- qaclickacademy.RestAPITest -->
